<?xml version="1.0" encoding="UTF-8"?>
<!-- Generated by org.testng.reporters.JUnitReportReporter -->
<testsuite hostname="DESKTOP-UA7G0ND" failures="0" tests="3" name="codewithharry.tests.SubmitCartTest" time="24.697" errors="0" timestamp="2024-06-27T14:10:48 IST" skipped="0">
  <testcase classname="codewithharry.tests.SubmitCartTest" name="submitCart" time="7.958"/>
  <testcase classname="codewithharry.tests.SubmitCartTest" name="OrderConfirmed" time="5.233"/>
  <testcase classname="codewithharry.tests.SubmitCartTest" name="submitCart" time="11.506"/>
</testsuite> <!-- codewithharry.tests.SubmitCartTest -->
